[    43.943] (--) Log file renamed from "/home/bo85/.local/share/xorg/Xorg.pid-1622.log" to "/home/bo85/.local/share/xorg/Xorg.0.log"
[    43.946] 
X.Org X Server 1.20.13
X Protocol Version 11, Revision 0
[    43.946] Build Operating System: linux Ubuntu
[    43.946] Current Operating System: Linux bo85-virtual-machine 5.15.0-67-generic #74~20.04.1-Ubuntu SMP Wed Feb 22 14:52:34 UTC 2023 x86_64
[    43.946] Kernel command line: BOOT_IMAGE=/boot/vmlinuz-5.15.0-67-generic root=UUID=c23b285e-da4f-473d-8d1b-09cbd098ee52 ro quiet splash
[    43.946] Build Date: 07 February 2023  12:48:13PM
[    43.946] xorg-server 2:1.20.13-1ubuntu1~20.04.6 (For technical support please see http://www.ubuntu.com/support) 
[    43.946] Current version of pixman: 0.38.4
[    43.947] 	Before reporting problems, check http://wiki.x.org
	to make sure that you have the latest version.
[    43.947] Markers: (--) probed, (**) from config file, (==) default setting,
	(++) from command line, (!!) notice, (II) informational,
	(WW) warning, (EE) error, (NI) not implemented, (??) unknown.
[    43.947] (==) Log file: "/home/bo85/.local/share/xorg/Xorg.0.log", Time: Wed Mar 15 07:40:13 2023
[    43.948] (==) Using system config directory "/usr/share/X11/xorg.conf.d"
[    43.951] (==) No Layout section.  Using the first Screen section.
[    43.951] (==) No screen section available. Using defaults.
[    43.951] (**) |-->Screen "Default Screen Section" (0)
[    43.951] (**) |   |-->Monitor "<default monitor>"
[    43.953] (==) No monitor specified for screen "Default Screen Section".
	Using a default monitor configuration.
[    43.953] (==) Automatically adding devices
[    43.953] (==) Automatically enabling devices
[    43.953] (==) Automatically adding GPU devices
[    43.953] (==) Automatically binding GPU devices
[    43.953] (==) Max clients allowed: 256, resource mask: 0x1fffff
[    43.953] (WW) The directory "/usr/share/fonts/X11/cyrillic" does not exist.
[    43.953] 	Entry deleted from font path.
[    43.953] (WW) The directory "/usr/share/fonts/X11/100dpi/" does not exist.
[    43.953] 	Entry deleted from font path.
[    43.953] (WW) The directory "/usr/share/fonts/X11/75dpi/" does not exist.
[    43.953] 	Entry deleted from font path.
[    43.953] (WW) The directory "/usr/share/fonts/X11/100dpi" does not exist.
[    43.953] 	Entry deleted from font path.
[    43.953] (WW) The directory "/usr/share/fonts/X11/75dpi" does not exist.
[    43.953] 	Entry deleted from font path.
[    43.953] (==) FontPath set to:
	/usr/share/fonts/X11/misc,
	/usr/share/fonts/X11/Type1,
	built-ins
[    43.953] (==) ModulePath set to "/usr/lib/xorg/modules"
[    43.953] (II) The server relies on udev to provide the list of input devices.
	If no devices become available, reconfigure udev or disable AutoAddDevices.
[    43.953] (II) Loader magic: 0x55d9b34e2020
[    43.953] (II) Module ABI versions:
[    43.953] 	X.Org ANSI C Emulation: 0.4
[    43.953] 	X.Org Video Driver: 24.1
[    43.954] 	X.Org XInput driver : 24.1
[    43.954] 	X.Org Server Extension : 10.0
[    43.954] (++) using VT number 2

[    43.961] (II) systemd-logind: took control of session /org/freedesktop/login1/session/_32
[    43.963] (II) xfree86: Adding drm device (/dev/dri/card0)
[    43.964] (II) systemd-logind: got fd for /dev/dri/card0 226:0 fd 12 paused 0
[    43.971] (--) PCI:*(0@0:15:0) 15ad:0405:15ad:0405 rev 0, Mem @ 0xe8000000/134217728, 0xfe000000/8388608, I/O @ 0x00001070/16, BIOS @ 0x????????/131072
[    43.971] (II) LoadModule: "glx"
[    43.974] (II) Loading /usr/lib/xorg/modules/extensions/libglx.so
[    43.980] (II) Module glx: vendor="X.Org Foundation"
[    43.981] 	compiled for 1.20.13, module version = 1.0.0
[    43.981] 	ABI class: X.Org Server Extension, version 10.0
[    43.981] (==) Matched vmware as autoconfigured driver 0
[    43.981] (==) Matched modesetting as autoconfigured driver 1
[    43.981] (==) Matched fbdev as autoconfigured driver 2
[    43.981] (==) Matched vesa as autoconfigured driver 3
[    43.981] (==) Assigned the driver to the xf86ConfigLayout
[    43.981] (II) LoadModule: "vmware"
[    43.982] (II) Loading /usr/lib/xorg/modules/drivers/vmware_drv.so
[    44.087] (II) Module vmware: vendor="X.Org Foundation"
[    44.087] 	compiled for 1.20.8, module version = 13.3.0
[    44.087] 	Module class: X.Org Video Driver
[    44.088] 	ABI class: X.Org Video Driver, version 24.1
[    44.088] (II) LoadModule: "modesetting"
[    44.088] (II) Loading /usr/lib/xorg/modules/drivers/modesetting_drv.so
[    44.090] (II) Module modesetting: vendor="X.Org Foundation"
[    44.090] 	compiled for 1.20.13, module version = 1.20.13
[    44.090] 	Module class: X.Org Video Driver
[    44.090] 	ABI class: X.Org Video Driver, version 24.1
[    44.090] (II) LoadModule: "fbdev"
[    44.091] (II) Loading /usr/lib/xorg/modules/drivers/fbdev_drv.so
[    44.092] (II) Module fbdev: vendor="X.Org Foundation"
[    44.092] 	compiled for 1.20.1, module version = 0.5.0
[    44.092] 	Module class: X.Org Video Driver
[    44.093] 	ABI class: X.Org Video Driver, version 24.0
[    44.093] (II) LoadModule: "vesa"
[    44.093] (II) Loading /usr/lib/xorg/modules/drivers/vesa_drv.so
[    44.095] (II) Module vesa: vendor="X.Org Foundation"
[    44.095] 	compiled for 1.20.4, module version = 2.4.0
[    44.095] 	Module class: X.Org Video Driver
[    44.095] 	ABI class: X.Org Video Driver, version 24.0
[    44.095] (II) vmware: driver for VMware SVGA: vmware0405, vmware0710
[    44.097] (II) modesetting: Driver for Modesetting Kernel Drivers: kms
[    44.097] (II) FBDEV: driver for framebuffer: fbdev
[    44.097] (II) VESA: driver for VESA chipsets: vesa
[    44.098] xf86EnableIOPorts: failed to set IOPL for I/O (Operation not permitted)
[    44.098] (WW) Falling back to old probe method for modesetting
[    44.098] (WW) Falling back to old probe method for fbdev
[    44.098] (II) Loading sub module "fbdevhw"
[    44.098] (II) LoadModule: "fbdevhw"
[    44.099] (II) Loading /usr/lib/xorg/modules/libfbdevhw.so
[    44.100] (II) Module fbdevhw: vendor="X.Org Foundation"
[    44.100] 	compiled for 1.20.13, module version = 0.0.2
[    44.100] 	ABI class: X.Org Video Driver, version 24.1
[    44.101] (EE) open /dev/fb0: Permission denied
[    44.101] (WW) VGA arbiter: cannot open kernel arbiter, no multi-card support
[    44.101] (II) vmware(0): Creating default Display subsection in Screen section
	"Default Screen Section" for depth/fbbpp 24/32
[    44.101] (--) vmware(0): DRM driver version is 2.19.0
[    44.101] (==) vmware(0): Depth 24, (--) framebuffer bpp 32
[    44.101] (==) vmware(0): RGB weight 888
[    44.102] (==) vmware(0): Default visual is TrueColor
[    44.102] (--) vmware(0): Min width 1, Max Width 16384.
[    44.102] (--) vmware(0): Min height 1, Max Height 16384.
[    44.103] (II) vmware(0): Output Virtual1 has no monitor section
[    44.103] (II) vmware(0): Output Virtual2 has no monitor section
[    44.104] (II) vmware(0): Output Virtual3 has no monitor section
[    44.104] (II) vmware(0): Output Virtual4 has no monitor section
[    44.104] (II) vmware(0): Output Virtual5 has no monitor section
[    44.105] (II) vmware(0): Output Virtual6 has no monitor section
[    44.105] (II) vmware(0): Output Virtual7 has no monitor section
[    44.105] (II) vmware(0): Output Virtual8 has no monitor section
[    44.106] (II) vmware(0): Printing probed modes for output Virtual1
[    44.106] (II) vmware(0): Modeline "1718x915"x60.0  119.36  1718 1768 1818 1868  915 965 1015 1065 -hsync +vsync (63.9 kHz eP)
[    44.106] (II) vmware(0): Modeline "3840x2400"x60.0  592.25  3840 3888 3920 4000  2400 2403 2409 2469 +hsync -vsync (148.1 kHz e)
[    44.106] (II) vmware(0): Modeline "3840x2160"x60.0  533.00  3840 3888 3920 4000  2160 2163 2168 2222 +hsync -vsync (133.2 kHz e)
[    44.106] (II) vmware(0): Modeline "2880x1800"x59.9  337.50  2880 2928 2960 3040  1800 1803 1809 1852 +hsync -vsync (111.0 kHz e)
[    44.106] (II) vmware(0): Modeline "2560x1600"x60.0  348.50  2560 2752 3032 3504  1600 1603 1609 1658 -hsync +vsync (99.5 kHz e)
[    44.106] (II) vmware(0): Modeline "2560x1440"x60.0  241.50  2560 2608 2640 2720  1440 1443 1448 1481 +hsync -vsync (88.8 kHz e)
[    44.107] (II) vmware(0): Modeline "1920x1440"x60.0  234.00  1920 2048 2256 2600  1440 1441 1444 1500 -hsync +vsync (90.0 kHz e)
[    44.107] (II) vmware(0): Modeline "1856x1392"x60.0  218.25  1856 1952 2176 2528  1392 1393 1396 1439 -hsync +vsync (86.3 kHz e)
[    44.107] (II) vmware(0): Modeline "1792x1344"x60.0  204.75  1792 1920 2120 2448  1344 1345 1348 1394 -hsync +vsync (83.6 kHz e)
[    44.107] (II) vmware(0): Modeline "1920x1200"x59.9  193.25  1920 2056 2256 2592  1200 1203 1209 1245 -hsync +vsync (74.6 kHz e)
[    44.107] (II) vmware(0): Modeline "1920x1080"x60.0  173.00  1920 2048 2248 2576  1080 1083 1088 1120 -hsync +vsync (67.2 kHz e)
[    44.107] (II) vmware(0): Modeline "1600x1200"x60.0  162.00  1600 1664 1856 2160  1200 1201 1204 1250 +hsync +vsync (75.0 kHz e)
[    44.107] (II) vmware(0): Modeline "1680x1050"x60.0  146.25  1680 1784 1960 2240  1050 1053 1059 1089 -hsync +vsync (65.3 kHz e)
[    44.107] (II) vmware(0): Modeline "1400x1050"x60.0  121.75  1400 1488 1632 1864  1050 1053 1057 1089 -hsync +vsync (65.3 kHz e)
[    44.107] (II) vmware(0): Modeline "1280x1024"x60.0  108.00  1280 1328 1440 1688  1024 1025 1028 1066 +hsync +vsync (64.0 kHz e)
[    44.108] (II) vmware(0): Modeline "1440x900"x59.9  106.50  1440 1520 1672 1904  900 903 909 934 -hsync +vsync (55.9 kHz e)
[    44.108] (II) vmware(0): Modeline "1280x960"x60.0  108.00  1280 1376 1488 1800  960 961 964 1000 +hsync +vsync (60.0 kHz e)
[    44.108] (II) vmware(0): Modeline "1360x768"x60.0   85.50  1360 1424 1536 1792  768 771 777 795 +hsync +vsync (47.7 kHz e)
[    44.108] (II) vmware(0): Modeline "1280x800"x59.8   83.50  1280 1352 1480 1680  800 803 809 831 +hsync -vsync (49.7 kHz e)
[    44.108] (II) vmware(0): Modeline "1152x864"x75.0  108.00  1152 1216 1344 1600  864 865 868 900 +hsync +vsync (67.5 kHz e)
[    44.108] (II) vmware(0): Modeline "1280x768"x59.9   79.50  1280 1344 1472 1664  768 771 778 798 -hsync +vsync (47.8 kHz e)
[    44.108] (II) vmware(0): Modeline "1280x720"x59.9   74.50  1280 1344 1472 1664  720 723 728 748 -hsync +vsync (44.8 kHz e)
[    44.108] (II) vmware(0): Modeline "1024x768"x60.0   65.00  1024 1048 1184 1344  768 771 777 806 -hsync -vsync (48.4 kHz e)
[    44.108] (II) vmware(0): Modeline "800x600"x60.3   40.00  800 840 968 1056  600 601 605 628 +hsync +vsync (37.9 kHz e)
[    44.109] (II) vmware(0): Modeline "640x480"x59.9   25.18  640 656 752 800  480 489 492 525 -hsync -vsync (31.5 kHz e)
[    44.109] (II) vmware(0): EDID for output Virtual2
[    44.109] (II) vmware(0): EDID for output Virtual3
[    44.109] (II) vmware(0): EDID for output Virtual4
[    44.109] (II) vmware(0): EDID for output Virtual5
[    44.109] (II) vmware(0): EDID for output Virtual6
[    44.109] (II) vmware(0): EDID for output Virtual7
[    44.109] (II) vmware(0): EDID for output Virtual8
[    44.109] (II) vmware(0): Output Virtual1 connected
[    44.110] (II) vmware(0): Output Virtual2 disconnected
[    44.110] (II) vmware(0): Output Virtual3 disconnected
[    44.110] (II) vmware(0): Output Virtual4 disconnected
[    44.110] (II) vmware(0): Output Virtual5 disconnected
[    44.110] (II) vmware(0): Output Virtual6 disconnected
[    44.110] (II) vmware(0): Output Virtual7 disconnected
[    44.110] (II) vmware(0): Output Virtual8 disconnected
[    44.110] (II) vmware(0): Using exact sizes for initial modes
[    44.110] (II) vmware(0): Output Virtual1 using initial mode 1718x915 +0+0
[    44.110] (==) vmware(0): DPI set to (96, 96)
[    44.110] (==) vmware(0): Using gamma correction (1.0, 1.0, 1.0)
[    44.110] (II) Loading sub module "fb"
[    44.110] (II) LoadModule: "fb"
[    44.111] (II) Loading /usr/lib/xorg/modules/libfb.so
[    44.113] (II) Module fb: vendor="X.Org Foundation"
[    44.113] 	compiled for 1.20.13, module version = 1.0.0
[    44.113] 	ABI class: X.Org ANSI C Emulation, version 0.4
[    44.113] (II) Loading sub module "dri2"
[    44.113] (II) LoadModule: "dri2"
[    44.113] (II) Module "dri2" already built-in
[    44.113] (II) Loading sub module "dri3"
[    44.113] (II) LoadModule: "dri3"
[    44.114] (II) Module "dri3" already built-in
[    44.114] (II) UnloadModule: "modesetting"
[    44.114] (II) Unloading modesetting
[    44.114] (II) UnloadModule: "fbdev"
[    44.114] (II) Unloading fbdev
[    44.114] (II) UnloadSubModule: "fbdevhw"
[    44.115] (II) Unloading fbdevhw
[    44.115] (II) UnloadModule: "vesa"
[    44.115] (II) Unloading vesa
[    44.118] (II) vmware(0): Initialized VMWARE_CTRL extension version 0.2
[    44.144] (II) vmware(0): Gallium3D XA version: 2.5.0.
[    44.145] (II) vmware(0): Path of drm device is "/dev/dri/card0".
[    44.145] (II) vmware(0): [DRI2] Setup complete
[    44.145] (II) vmware(0): [DRI2]   DRI driver: vmwgfx
[    45.654] (--) vmware(0): Render acceleration is enabled.
[    45.654] (==) vmware(0): Rendercheck mode is disabled.
[    45.654] (--) vmware(0): Direct rendering (DRI2 3D) is enabled.
[    45.654] (--) vmware(0): Direct rendering (DRI3 3D) is enabled.
[    45.654] (==) vmware(0): Direct presents are disabled.
[    45.654] (==) vmware(0): Hardware only presents are automatic per scanout.
[    45.654] (==) vmware(0): Backing store enabled
[    45.654] (==) vmware(0): Silken mouse enabled
[    45.657] (==) vmware(0): DPMS enabled
[    45.657] (II) Initializing extension Generic Event Extension
[    45.657] (II) Initializing extension SHAPE
[    45.657] (II) Initializing extension MIT-SHM
[    45.657] (II) Initializing extension XInputExtension
[    45.658] (II) Initializing extension XTEST
[    45.658] (II) Initializing extension BIG-REQUESTS
[    45.658] (II) Initializing extension SYNC
[    45.659] (II) Initializing extension XKEYBOARD
[    45.659] (II) Initializing extension XC-MISC
[    45.659] (II) Initializing extension SECURITY
[    45.659] (II) Initializing extension XFIXES
[    45.659] (II) Initializing extension RENDER
[    45.659] (II) Initializing extension RANDR
[    45.659] (II) Initializing extension COMPOSITE
[    45.659] (II) Initializing extension DAMAGE
[    45.659] (II) Initializing extension MIT-SCREEN-SAVER
[    45.659] (II) Initializing extension DOUBLE-BUFFER
[    45.660] (II) Initializing extension RECORD
[    45.660] (II) Initializing extension DPMS
[    45.660] (II) Initializing extension Present
[    45.660] (II) Initializing extension DRI3
[    45.660] (II) Initializing extension X-Resource
[    45.660] (II) Initializing extension XVideo
[    45.660] (II) Initializing extension XVideo-MotionCompensation
[    45.660] (II) Initializing extension SELinux
[    45.660] (II) SELinux: Disabled on system
[    45.660] (II) Initializing extension GLX
[    45.674] (II) AIGLX: Loaded and initialized vmwgfx
[    45.674] (II) GLX: Initialized DRI2 GL provider for screen 0
[    45.674] (II) Initializing extension XFree86-VidModeExtension
[    45.674] (II) Initializing extension XFree86-DGA
[    45.674] (II) Initializing extension XFree86-DRI
[    45.674] (II) Initializing extension DRI2
[    45.702] (II) vmware(0): Setting screen physical size to 454 x 242
[    45.795] (II) config/udev: Adding input device Power Button (/dev/input/event0)
[    45.795] (**) Power Button: Applying InputClass "libinput keyboard catchall"
[    45.795] (II) LoadModule: "libinput"
[    45.796] (II) Loading /usr/lib/xorg/modules/input/libinput_drv.so
[    45.798] (II) Module libinput: vendor="X.Org Foundation"
[    45.798] 	compiled for 1.20.4, module version = 0.29.0
[    45.798] 	Module class: X.Org XInput Driver
[    45.798] 	ABI class: X.Org XInput driver, version 24.1
[    45.798] (II) Using input driver 'libinput' for 'Power Button'
[    45.799] (II) systemd-logind: got fd for /dev/input/event0 13:64 fd 24 paused 0
[    45.799] (**) Power Button: always reports core events
[    45.799] (**) Option "Device" "/dev/input/event0"
[    45.799] (**) Option "_source" "server/udev"
[    45.803] (II) event0  - Power Button: is tagged by udev as: Keyboard
[    45.803] (II) event0  - Power Button: device is a keyboard
[    45.803] (II) event0  - Power Button: device removed
[    45.803] (**) Option "config_info" "udev:/sys/devices/LNXSYSTM:00/LNXPWRBN:00/input/input0/event0"
[    45.804] (II) XINPUT: Adding extended input device "Power Button" (type: KEYBOARD, id 6)
[    45.804] (**) Option "xkb_model" "pc105"
[    45.804] (**) Option "xkb_layout" "cn"
[    45.839] (II) event0  - Power Button: is tagged by udev as: Keyboard
[    45.839] (II) event0  - Power Button: device is a keyboard
[    45.841] (II) config/udev: Adding input device VMware VMware Virtual USB Mouse (/dev/input/event4)
[    45.841] (**) VMware VMware Virtual USB Mouse: Applying InputClass "libinput pointer catchall"
[    45.841] (II) Using input driver 'libinput' for 'VMware VMware Virtual USB Mouse'
[    45.901] (II) systemd-logind: got fd for /dev/input/event4 13:68 fd 27 paused 0
[    45.901] (**) VMware VMware Virtual USB Mouse: always reports core events
[    45.901] (**) Option "Device" "/dev/input/event4"
[    45.901] (**) Option "_source" "server/udev"
[    45.903] (II) event4  - VMware VMware Virtual USB Mouse: is tagged by udev as: Mouse
[    45.903] (II) event4  - VMware VMware Virtual USB Mouse: device is a pointer
[    45.904] (II) event4  - VMware VMware Virtual USB Mouse: device removed
[    45.904] (**) Option "config_info" "udev:/sys/devices/pci0000:00/0000:00:11.0/0000:02:00.0/usb2/2-1/2-1:1.0/0003:0E0F:0003.0001/input/input5/event4"
[    45.904] (II) XINPUT: Adding extended input device "VMware VMware Virtual USB Mouse" (type: MOUSE, id 7)
[    45.904] (**) Option "AccelerationScheme" "none"
[    45.904] (**) VMware VMware Virtual USB Mouse: (accel) selected scheme none/0
[    45.904] (**) VMware VMware Virtual USB Mouse: (accel) acceleration factor: 2.000
[    45.904] (**) VMware VMware Virtual USB Mouse: (accel) acceleration threshold: 4
[    45.906] (II) event4  - VMware VMware Virtual USB Mouse: is tagged by udev as: Mouse
[    45.906] (II) event4  - VMware VMware Virtual USB Mouse: device is a pointer
[    45.907] (II) config/udev: Adding input device VMware VMware Virtual USB Mouse (/dev/input/mouse2)
[    45.907] (II) No input driver specified, ignoring this device.
[    45.907] (II) This device may have been added with another device file.
[    45.907] (II) config/udev: Adding input device AT Translated Set 2 keyboard (/dev/input/event1)
[    45.907] (**) AT Translated Set 2 keyboard: Applying InputClass "libinput keyboard catchall"
[    45.907] (II) Using input driver 'libinput' for 'AT Translated Set 2 keyboard'
[    45.909] (II) systemd-logind: got fd for /dev/input/event1 13:65 fd 28 paused 0
[    45.909] (**) AT Translated Set 2 keyboard: always reports core events
[    45.909] (**) Option "Device" "/dev/input/event1"
[    45.909] (**) Option "_source" "server/udev"
[    45.910] (II) event1  - AT Translated Set 2 keyboard: is tagged by udev as: Keyboard
[    45.911] (II) event1  - AT Translated Set 2 keyboard: device is a keyboard
[    45.911] (II) event1  - AT Translated Set 2 keyboard: device removed
[    45.911] (**) Option "config_info" "udev:/sys/devices/platform/i8042/serio0/input/input1/event1"
[    45.911] (II) XINPUT: Adding extended input device "AT Translated Set 2 keyboard" (type: KEYBOARD, id 8)
[    45.911] (**) Option "xkb_model" "pc105"
[    45.911] (**) Option "xkb_layout" "cn"
[    45.913] (II) event1  - AT Translated Set 2 keyboard: is tagged by udev as: Keyboard
[    45.913] (II) event1  - AT Translated Set 2 keyboard: device is a keyboard
[    45.915] (II) config/udev: Adding input device VirtualPS/2 VMware VMMouse (/dev/input/event3)
[    45.915] (**) VirtualPS/2 VMware VMMouse: Applying InputClass "libinput pointer catchall"
[    45.915] (II) Using input driver 'libinput' for 'VirtualPS/2 VMware VMMouse'
[    45.916] (II) systemd-logind: got fd for /dev/input/event3 13:67 fd 29 paused 0
[    45.916] (**) VirtualPS/2 VMware VMMouse: always reports core events
[    45.916] (**) Option "Device" "/dev/input/event3"
[    45.916] (**) Option "_source" "server/udev"
[    45.917] (II) event3  - VirtualPS/2 VMware VMMouse: is tagged by udev as: Mouse
[    45.918] (II) event3  - VirtualPS/2 VMware VMMouse: device is a pointer
[    45.918] (II) event3  - VirtualPS/2 VMware VMMouse: device removed
[    45.918] (**) Option "config_info" "udev:/sys/devices/platform/i8042/serio1/input/input3/event3"
[    45.918] (II) XINPUT: Adding extended input device "VirtualPS/2 VMware VMMouse" (type: MOUSE, id 9)
[    45.918] (**) Option "AccelerationScheme" "none"
[    45.918] (**) VirtualPS/2 VMware VMMouse: (accel) selected scheme none/0
[    45.918] (**) VirtualPS/2 VMware VMMouse: (accel) acceleration factor: 2.000
[    45.918] (**) VirtualPS/2 VMware VMMouse: (accel) acceleration threshold: 4
[    45.919] (II) event3  - VirtualPS/2 VMware VMMouse: is tagged by udev as: Mouse
[    45.919] (II) event3  - VirtualPS/2 VMware VMMouse: device is a pointer
[    45.920] (II) config/udev: Adding input device VirtualPS/2 VMware VMMouse (/dev/input/mouse1)
[    45.920] (II) No input driver specified, ignoring this device.
[    45.920] (II) This device may have been added with another device file.
[    45.921] (II) config/udev: Adding input device VirtualPS/2 VMware VMMouse (/dev/input/event2)
[    45.921] (**) VirtualPS/2 VMware VMMouse: Applying InputClass "libinput pointer catchall"
[    45.921] (II) Using input driver 'libinput' for 'VirtualPS/2 VMware VMMouse'
[    45.922] (II) systemd-logind: got fd for /dev/input/event2 13:66 fd 30 paused 0
[    45.922] (**) VirtualPS/2 VMware VMMouse: always reports core events
[    45.922] (**) Option "Device" "/dev/input/event2"
[    45.922] (**) Option "_source" "server/udev"
[    45.923] (II) event2  - VirtualPS/2 VMware VMMouse: is tagged by udev as: Mouse
[    45.924] (II) event2  - VirtualPS/2 VMware VMMouse: device is a pointer
[    45.924] (II) event2  - VirtualPS/2 VMware VMMouse: device removed
[    45.924] (**) Option "config_info" "udev:/sys/devices/platform/i8042/serio1/input/input4/event2"
[    45.924] (II) XINPUT: Adding extended input device "VirtualPS/2 VMware VMMouse" (type: MOUSE, id 10)
[    45.924] (**) Option "AccelerationScheme" "none"
[    45.925] (**) VirtualPS/2 VMware VMMouse: (accel) selected scheme none/0
[    45.925] (**) VirtualPS/2 VMware VMMouse: (accel) acceleration factor: 2.000
[    45.925] (**) VirtualPS/2 VMware VMMouse: (accel) acceleration threshold: 4
[    45.926] (II) event2  - VirtualPS/2 VMware VMMouse: is tagged by udev as: Mouse
[    45.926] (II) event2  - VirtualPS/2 VMware VMMouse: device is a pointer
[    45.927] (II) config/udev: Adding input device VirtualPS/2 VMware VMMouse (/dev/input/mouse0)
[    45.927] (II) No input driver specified, ignoring this device.
[    45.927] (II) This device may have been added with another device file.
